<?xml version="1.0" encoding="UTF-8"?>
<testsuite xmlns:xsi="http://www.w3.org/2001/XMLSchema-instance" xsi:noNamespaceSchemaLocation="https://maven.apache.org/surefire/maven-surefire-plugin/xsd/surefire-test-report.xsd" name="org.theseed.prototype.AppTest" time="0.009" tests="1" errors="0" skipped="0" failures="0">
  <properties>
    <property name="sun.desktop" value="windows"/>
    <property name="awt.toolkit" value="sun.awt.windows.WToolkit"/>
    <property name="file.encoding.pkg" value="sun.io"/>
    <property name="java.specification.version" value="1.8"/>
    <property name="sun.cpu.isalist" value="amd64"/>
    <property name="sun.jnu.encoding" value="Cp1252"/>
    <property name="java.class.path" value="C:\Users\Bruce\Documents\FIG\SEEDtk\prototype\target\test-classes;C:\Users\Bruce\Documents\FIG\SEEDtk\prototype\target\classes;C:\Users\Bruce\.m2\repository\org\apache\commons\commons-lang3\3.9\commons-lang3-3.9.jar;C:\Users\Bruce\.m2\repository\junit\junit\3.8.1\junit-3.8.1.jar;C:\Users\Bruce\.m2\repository\args4j\args4j\2.33\args4j-2.33.jar;C:\Users\Bruce\.m2\repository\org\hamcrest\hamcrest-core\2.1\hamcrest-core-2.1.jar;C:\Users\Bruce\.m2\repository\org\hamcrest\hamcrest\2.1\hamcrest-2.1.jar;"/>
    <property name="java.vm.vendor" value="Oracle Corporation"/>
    <property name="sun.arch.data.model" value="64"/>
    <property name="user.variant" value=""/>
    <property name="java.vendor.url" value="http://java.oracle.com/"/>
    <property name="user.timezone" value="America/Chicago"/>
    <property name="java.vm.specification.version" value="1.8"/>
    <property name="os.name" value="Windows 10"/>
    <property name="user.country" value="US"/>
    <property name="sun.java.launcher" value="SUN_STANDARD"/>
    <property name="sun.boot.library.path" value="C:\Program Files\Java\jdk1.8.0_212\jre\bin"/>
    <property name="sun.java.command" value="C:\Users\Bruce\AppData\Local\Temp\surefire6948112831064464465\surefirebooter6783277132994479950.jar C:\Users\Bruce\AppData\Local\Temp\surefire6948112831064464465 2019-07-19T14-33-16_955-jvmRun1 surefire2386181129931553226tmp surefire_04395138619380870481tmp"/>
    <property name="surefire.test.class.path" value="C:\Users\Bruce\Documents\FIG\SEEDtk\prototype\target\test-classes;C:\Users\Bruce\Documents\FIG\SEEDtk\prototype\target\classes;C:\Users\Bruce\.m2\repository\org\apache\commons\commons-lang3\3.9\commons-lang3-3.9.jar;C:\Users\Bruce\.m2\repository\junit\junit\3.8.1\junit-3.8.1.jar;C:\Users\Bruce\.m2\repository\args4j\args4j\2.33\args4j-2.33.jar;C:\Users\Bruce\.m2\repository\org\hamcrest\hamcrest-core\2.1\hamcrest-core-2.1.jar;C:\Users\Bruce\.m2\repository\org\hamcrest\hamcrest\2.1\hamcrest-2.1.jar;"/>
    <property name="sun.cpu.endian" value="little"/>
    <property name="user.home" value="C:\Users\Bruce"/>
    <property name="user.language" value="en"/>
    <property name="java.specification.vendor" value="Oracle Corporation"/>
    <property name="java.home" value="C:\Program Files\Java\jdk1.8.0_212\jre"/>
    <property name="basedir" value="C:\Users\Bruce\Documents\FIG\SEEDtk\prototype"/>
    <property name="file.separator" value="\"/>
    <property name="line.separator" value="&#10;"/>
    <property name="java.vm.specification.vendor" value="Oracle Corporation"/>
    <property name="java.specification.name" value="Java Platform API Specification"/>
    <property name="java.awt.graphicsenv" value="sun.awt.Win32GraphicsEnvironment"/>
    <property name="surefire.real.class.path" value="C:\Users\Bruce\AppData\Local\Temp\surefire6948112831064464465\surefirebooter6783277132994479950.jar"/>
    <property name="sun.boot.class.path" value="C:\Program Files\Java\jdk1.8.0_212\jre\lib\resources.jar;C:\Program Files\Java\jdk1.8.0_212\jre\lib\rt.jar;C:\Program Files\Java\jdk1.8.0_212\jre\lib\sunrsasign.jar;C:\Program Files\Java\jdk1.8.0_212\jre\lib\jsse.jar;C:\Program Files\Java\jdk1.8.0_212\jre\lib\jce.jar;C:\Program Files\Java\jdk1.8.0_212\jre\lib\charsets.jar;C:\Program Files\Java\jdk1.8.0_212\jre\lib\jfr.jar;C:\Program Files\Java\jdk1.8.0_212\jre\classes"/>
    <property name="user.script" value=""/>
    <property name="sun.management.compiler" value="HotSpot 64-Bit Tiered Compilers"/>
    <property name="java.runtime.version" value="1.8.0_212-b10"/>
    <property name="user.name" value="Bruce"/>
    <property name="path.separator" value=";"/>
    <property name="os.version" value="10.0"/>
    <property name="java.endorsed.dirs" value="C:\Program Files\Java\jdk1.8.0_212\jre\lib\endorsed"/>
    <property name="java.runtime.name" value="Java(TM) SE Runtime Environment"/>
    <property name="file.encoding" value="Cp1252"/>
    <property name="java.vm.name" value="Java HotSpot(TM) 64-Bit Server VM"/>
    <property name="localRepository" value="C:\Users\Bruce\.m2\repository"/>
    <property name="java.vendor.url.bug" value="http://bugreport.sun.com/bugreport/"/>
    <property name="java.io.tmpdir" value="C:\Users\Bruce\AppData\Local\Temp\"/>
    <property name="java.version" value="1.8.0_212"/>
    <property name="user.dir" value="C:\Users\Bruce\Documents\FIG\SEEDtk\prototype"/>
    <property name="os.arch" value="amd64"/>
    <property name="java.vm.specification.name" value="Java Virtual Machine Specification"/>
    <property name="java.awt.printerjob" value="sun.awt.windows.WPrinterJob"/>
    <property name="sun.os.patch.level" value=""/>
    <property name="java.library.path" value="C:\Program Files\Java\jdk1.8.0_212\jre\bin;C:\WINDOWS\Sun\Java\bin;C:\WINDOWS\system32;C:\WINDOWS;C:\Users\Bruce\Documents\FIG\GIT\p3_code\scripts;C:\Users\Bruce\Documents\FIG\GIT\tbltools\scripts;C:\Users\Bruce\Documents\FIG\GIT\RASTtk\scripts;C:\Users\Bruce\Documents\FIG\GIT\kernel\scripts;C:\Users\Bruce\Documents\FIG\GIT\ERDB\scripts;C:\Users\Bruce\Documents\FIG\GIT\utils\scripts;C:/Program Files/Java/jre1.8.0_212/bin/server;C:/Program Files/Java/jre1.8.0_212/bin;C:/Program Files/Java/jre1.8.0_212/lib/amd64;C:\Program Files (x86)\Common Files\Oracle\Java\javapath;C:\Program Files\VanDyke Software\Clients\;C:\Perl64\site\bin;C:\Perl64\bin;C:\Opt\apache-maven-3.6.1\bin;C:\Apache24\bin;C:\ProgramData\Oracle\Java\javapath;C:\Program Files (x86)\Intel\iCLS Client\;C:\Program Files\Intel\iCLS Client\;C:\Windows\system32;C:\Windows;C:\Windows\System32\Wbem;C:\Windows\System32\WindowsPowerShell\v1.0\;C:\Program Files (x86)\Windows Live\Shared;C:\Program Files\Intel\Intel(R) Management Engine Components\DAL;C:\Program Files\Intel\Intel(R) Management Engine Components\IPT;C:\Program Files (x86)\Intel\Intel(R) Management Engine Components\DAL;C:\Program Files (x86)\Intel\Intel(R) Management Engine Components\IPT;C:\Program Files (x86)\MySQL\MySQL Fabric 1.5.3 &amp; MySQL Utilities 1.5.3 1.5\;C:\Program Files (x86)\MySQL\MySQL Fabric 1.5.3 &amp; MySQL Utilities 1.5.3 1.5\Doctrine extensions for PHP\;C:\Program Files\EmEditor;C:\Program Files (x86)\Git\cmd;C:\Program Files (x86)\NVIDIA Corporation\PhysX\Common;C:\WINDOWS\system32;C:\WINDOWS;C:\WINDOWS\System32\Wbem;C:\WINDOWS\System32\WindowsPowerShell\v1.0\;C:\Program Files\Small\;C:\WINDOWS\System32\OpenSSH\;C:\Program Files\MEGA-X;C:\Program Files (x86)\HP\IdrsOCR_15.2.10.1114\;C:\Program Files\MySQL\MySQL Server 5.6\bin;C:\Program Files\CrashPlan\jre\bin\server\;C:\Program Files\CrashPlan\jre\bin\;C:\Users\Bruce\AppData\Local\JSONBuddy;C:\Users\Bruce\Anaconda3;C:\Users\Bruce\Anaconda3\Library\mingw-w64\bin;C:\Users\Bruce\Anaconda3\Library\usr\bin;C:\Users\Bruce\Anaconda3\Library\bin;C:\Users\Bruce\Anaconda3\Scripts;C:\Program Files\NCBI\blast-2.2.30+\bin;C:\Program Files\MEGA-X;C:\Program Files (x86)\PuTTY;C:\Program Files\EmEditor;C:\Program Files\mingw-w64\x86_64-5.1.0-posix-seh-rt_v4-rev0\mingw64\bin;C:\Program Files (x86)\wbin;C:\Users\Bruce\AppData\Local\Microsoft\WindowsApps;;C:\Users\Bruce\eclipse;C:\Users\Bruce\Documents\FIG\GIT\SEEDtk;."/>
    <property name="java.vm.info" value="mixed mode"/>
    <property name="java.vendor" value="Oracle Corporation"/>
    <property name="java.vm.version" value="25.212-b10"/>
    <property name="java.ext.dirs" value="C:\Program Files\Java\jdk1.8.0_212\jre\lib\ext;C:\WINDOWS\Sun\Java\lib\ext"/>
    <property name="sun.io.unicode.encoding" value="UnicodeLittle"/>
    <property name="java.class.version" value="52.0"/>
  </properties>
  <testcase name="testObjectivism" classname="org.theseed.prototype.AppTest" time="0.002"/>
</testsuite>